<?xml version="1.0" encoding="UTF-8"?>
<!-- Generated by org.testng.reporters.JUnitReportReporter -->
<testsuite hostname="WIN-63TQ8OQE8EO" failures="0" tests="1" name="ui.login.LoginPageTest" time="13.994" errors="0" timestamp="2023-05-19T15:50:52 ALMT" skipped="0">
  <testcase classname="ui.login.LoginPageTest" name="loginTest" time="13.994"/>
  <system-out/>
</testsuite> <!-- ui.login.LoginPageTest -->
